
/home/runner/work/exp-monolithic-iitd/exp-monolithic-iitd/experiment/simulation/js/layout.js
   9:10  warning  'nextDrawerItem' is defined but never used  no-unused-vars
  20:10  warning  'backDrawerItem' is defined but never used  no-unused-vars

/home/runner/work/exp-monolithic-iitd/exp-monolithic-iitd/experiment/simulation/js/main.js
   189:7   warning  'ChartGraph' is assigned a value but never used     no-unused-vars
   193:6   warning  'Graph1' is not defined                             no-undef
   197:6   warning  'Graph2' is not defined                             no-undef
   201:6   warning  'Graph3' is not defined                             no-undef
   205:6   warning  'Graph4' is not defined                             no-undef
   221:23  warning  'Chart' is not defined                              no-undef
   255:5   warning  'isPerformNext' is assigned a value but never used  no-unused-vars
   280:7   warning  'opacity' is assigned a value but never used        no-unused-vars
   286:7   warning  'hideAll' is assigned a value but never used        no-unused-vars
   286:28  warning  'disp' is assigned a value but never used           no-unused-vars
   292:7   warning  'showAll' is assigned a value but never used        no-unused-vars
   292:28  warning  'disp' is assigned a value but never used           no-unused-vars
   299:7   warning  'set' is assigned a value but never used            no-unused-vars
   332:29  warning  'speed' is assigned a value but never used          no-unused-vars
   339:15  warning  'Typed' is not defined                              no-undef
   360:19  warning  'src' is not defined                                no-undef
   494:17  warning  'anime' is not defined                              no-undef
   648:10  warning  'cursorPointer' is defined but never used           no-unused-vars
   826:10  warning  'i' is not defined                                  no-undef
   827:18  warning  'i' is not defined                                  no-undef
   829:10  warning  'i' is not defined                                  no-undef
   830:11  warning  'i' is not defined                                  no-undef
   830:28  warning  'i' is not defined                                  no-undef
   830:48  warning  'i' is not defined                                  no-undef
   833:25  warning  'i' is not defined                                  no-undef
   857:6   warning  'intro' is not defined                              no-undef
   885:18  warning  'anime' is not defined                              no-undef
   907:15  warning  'intru' is not defined                              no-undef
   907:27  warning  'Typed' is not defined                              no-undef
   925:16  warning  'intru' is not defined                              no-undef
   941:6   warning  'objective' is not defined                          no-undef
   957:5   warning  'anime' is not defined                              no-undef
  1104:6   warning  'step2' is not defined                              no-undef
  1168:11  warning  'anime' is not defined                              no-undef
  1186:11  warning  'anime' is not defined                              no-undef
  1204:11  warning  'anime' is not defined                              no-undef
  1229:13  warning  'anime' is not defined                              no-undef
  1287:6   warning  'step3' is not defined                              no-undef
  1340:11  warning  'anime' is not defined                              no-undef
  1373:13  warning  'anime' is not defined                              no-undef
  1412:6   warning  'step4' is not defined                              no-undef
  1523:11  warning  'anime' is not defined                              no-undef
  1542:11  warning  'anime' is not defined                              no-undef
  1561:11  warning  'anime' is not defined                              no-undef
  1586:13  warning  'anime' is not defined                              no-undef
  1640:6   warning  'step5' is not defined                              no-undef
  1708:11  warning  'panels' is assigned a value but never used         no-unused-vars
  1720:11  warning  'wedgePins' is assigned a value but never used      no-unused-vars
  1745:9   warning  'anime' is not defined                              no-undef
  1793:9   warning  'anime' is not defined                              no-undef
  1841:9   warning  'anime' is not defined                              no-undef
  1874:13  warning  'anime' is not defined                              no-undef
  1975:13  warning  'anime' is not defined                              no-undef
  2040:13  warning  'anime' is not defined                              no-undef
  2105:13  warning  'anime' is not defined                              no-undef
  2194:6   warning  'step6' is not defined                              no-undef
  2461:7   warning  'anime' is not defined                              no-undef
  2528:7   warning  'anime' is not defined                              no-undef
  2580:7   warning  'anime' is not defined                              no-undef
  2712:7   warning  'anime' is not defined                              no-undef
  3098:6   warning  'completed' is not defined                          no-undef
  3135:7   warning  'backDrawerItem' is not defined                     no-undef
  3136:7   warning  'backProgressBar' is not defined                    no-undef
  3146:9   warning  'nextDrawerItem' is not defined                     no-undef
  3147:9   warning  'nextProgressBar' is not defined                    no-undef
  3150:12  warning  Empty block statement                               no-empty

/home/runner/work/exp-monolithic-iitd/exp-monolithic-iitd/experiment/simulation/js/progressBar.js
   2:7  warning  'prevBtns' is assigned a value but never used         no-unused-vars
   3:7  warning  'nextBtns' is assigned a value but never used         no-unused-vars
  12:7  warning  'nextProgressBar' is assigned a value but never used  no-unused-vars
  19:7  warning  'backProgressBar' is assigned a value but never used  no-unused-vars

✖ 72 problems (0 errors, 72 warnings)

